{"level":"info","message":"Hello World"}
{"level":"info","message":"Hello World"}
{"level":"info","message":"Hello World"}
{"level":"info","message":"Hello World"}
{"level":"info","message":"Hello World"}
{"level":"info","message":"Hello World"}
{"level":"info","message":"Hello World"}
{"level":"info","message":"Hello World"}
{"level":"info","message":"Server is running on port 5000"}
{"level":"info","message":"Hello World"}
{"level":"info","message":"Server is running on port 5000"}
{"level":"info","message":"Hello World"}
{"level":"warn","message":"Connected to MongoDB"}
{"level":"warn","message":"Server is running on port 5000"}
{"level":"info","message":"Hello World"}
{"level":"info","message":"Connected to MongoDB"}
{"level":"info","message":"Server is running on port 5000"}
{"level":"info","message":"Hello World"}
{"level":"info","message":"Connected to MongoDB"}
{"level":"info","message":"Server is running on port 5000"}
{"level":"info","message":"Connected to MongoDB"}
{"level":"info","message":"Server is running on port 5000"}
{"level":"info","message":"Connected to MongoDB"}
{"level":"info","message":"Server is running on port 5000"}
